<?xml version="1.0" encoding="UTF-8"?>
<testng-results ignored="0" total="8" passed="5" failed="3" skipped="0">
  <reporter-output>
  </reporter-output>
  <suite started-at="2023-09-29T16:31:13 IST" name="Suite" finished-at="2023-09-29T16:32:26 IST" duration-ms="72580">
    <groups>
    </groups>
    <test started-at="2023-09-29T16:31:13 IST" name="edgeTest" finished-at="2023-09-29T16:32:24 IST" duration-ms="70969">
      <class name="TestPacakage.VerifyByjusAnswerModuleTestNG">
        <test-method is-config="true" signature="launchBrowser(java.lang.String)[pri:0, instance:TestPacakage.VerifyByjusAnswerModuleTestNG@587e5365]" started-at="2023-09-29T16:31:17 IST" name="launchBrowser" finished-at="2023-09-29T16:31:27 IST" duration-ms="9125" status="PASS">
          <params>
            <param index="0">
              <value>
                <![CDATA[Edge]]>
              </value>
            </param>
          </params>
          <reporter-output>
          </reporter-output>
        </test-method> <!-- launchBrowser -->
        <test-method is-config="true" signature="createPOMObject()[pri:0, instance:TestPacakage.VerifyByjusAnswerModuleTestNG@587e5365]" started-at="2023-09-29T16:31:27 IST" name="createPOMObject" finished-at="2023-09-29T16:31:27 IST" duration-ms="15" status="PASS">
          <reporter-output>
          </reporter-output>
        </test-method> <!-- createPOMObject -->
        <test-method is-config="true" signature="verifyCoarseInformation()[pri:0, instance:TestPacakage.VerifyByjusAnswerModuleTestNG@587e5365]" started-at="2023-09-29T16:31:27 IST" name="verifyCoarseInformation" finished-at="2023-09-29T16:31:40 IST" duration-ms="13149" status="PASS">
          <reporter-output>
          </reporter-output>
        </test-method> <!-- verifyCoarseInformation -->
        <test-method signature="verifyFindSolutionsSearchBoxFunctionality()[pri:1, instance:TestPacakage.VerifyByjusAnswerModuleTestNG@587e5365]" started-at="2023-09-29T16:31:40 IST" name="verifyFindSolutionsSearchBoxFunctionality" finished-at="2023-09-29T16:31:41 IST" duration-ms="919" status="FAIL">
          <exception class="org.openqa.selenium.NoSuchElementException">
            <message>
              <![CDATA[no such element: Unable to locate element: {"method":"xpath","selector":"(//span[@style='display: block;'])[1]"}
  (Session info: MicrosoftEdge=117.0.2045.43)
For documentation on this error, please visit: https://www.selenium.dev/documentation/webdriver/troubleshooting/errors#no-such-element-exception
Build info: version: '4.10.0', revision: 'c14d967899'
System info: os.name: 'Windows 10', os.arch: 'amd64', os.version: '10.0', java.version: '20.0.1'
Driver info: org.openqa.selenium.edge.EdgeDriver
Command: [d53a54a13842c0c988a16bdd79e006f1, findElement {using=xpath, value=(//span[@style='display: block;'])[1]}]
Capabilities {acceptInsecureCerts: false, browserName: msedge, browserVersion: 117.0.2045.43, fedcm:accounts: true, ms:edgeOptions: {debuggerAddress: localhost:53334}, msedge: {msedgedriverVersion: 116.0.1938.81 (bc0eb28b55bd..., userDataDir: C:\Users\DELL\AppData\Local...}, networkConnectionEnabled: false, pageLoadStrategy: normal, platformName: windows, proxy: Proxy(), se:cdp: ws://localhost:53334/devtoo..., se:cdpVersion: 117.0.2045.43, setWindowRect: true, strictFileInteractability: false, timeouts: {implicit: 0, pageLoad: 300000, script: 30000}, unhandledPromptBehavior: dismiss and notify, webauthn:extension:credBlob: true, webauthn:extension:largeBlob: true, webauthn:extension:minPinLength: true, webauthn:extension:prf: true, webauthn:virtualAuthenticators: true}
Session ID: d53a54a13842c0c988a16bdd79e006f1]]>
            </message>
            <full-stacktrace>
              <![CDATA[org.openqa.selenium.NoSuchElementException: no such element: Unable to locate element: {"method":"xpath","selector":"(//span[@style='display: block;'])[1]"}
  (Session info: MicrosoftEdge=117.0.2045.43)
For documentation on this error, please visit: https://www.selenium.dev/documentation/webdriver/troubleshooting/errors#no-such-element-exception
Build info: version: '4.10.0', revision: 'c14d967899'
System info: os.name: 'Windows 10', os.arch: 'amd64', os.version: '10.0', java.version: '20.0.1'
Driver info: org.openqa.selenium.edge.EdgeDriver
Command: [d53a54a13842c0c988a16bdd79e006f1, findElement {using=xpath, value=(//span[@style='display: block;'])[1]}]
Capabilities {acceptInsecureCerts: false, browserName: msedge, browserVersion: 117.0.2045.43, fedcm:accounts: true, ms:edgeOptions: {debuggerAddress: localhost:53334}, msedge: {msedgedriverVersion: 116.0.1938.81 (bc0eb28b55bd..., userDataDir: C:\Users\DELL\AppData\Local...}, networkConnectionEnabled: false, pageLoadStrategy: normal, platformName: windows, proxy: Proxy(), se:cdp: ws://localhost:53334/devtoo..., se:cdpVersion: 117.0.2045.43, setWindowRect: true, strictFileInteractability: false, timeouts: {implicit: 0, pageLoad: 300000, script: 30000}, unhandledPromptBehavior: dismiss and notify, webauthn:extension:credBlob: true, webauthn:extension:largeBlob: true, webauthn:extension:minPinLength: true, webauthn:extension:prf: true, webauthn:virtualAuthenticators: true}
Session ID: d53a54a13842c0c988a16bdd79e006f1
at java.base/jdk.internal.reflect.DirectConstructorHandleAccessor.newInstance(DirectConstructorHandleAccessor.java:67)
at java.base/java.lang.reflect.Constructor.newInstanceWithCaller(Constructor.java:500)
at java.base/java.lang.reflect.Constructor.newInstance(Constructor.java:484)
at org.openqa.selenium.remote.codec.w3c.W3CHttpResponseCodec.createException(W3CHttpResponseCodec.java:199)
at org.openqa.selenium.remote.codec.w3c.W3CHttpResponseCodec.decode(W3CHttpResponseCodec.java:132)
at org.openqa.selenium.remote.codec.w3c.W3CHttpResponseCodec.decode(W3CHttpResponseCodec.java:51)
at org.openqa.selenium.remote.HttpCommandExecutor.execute(HttpCommandExecutor.java:191)
at org.openqa.selenium.remote.service.DriverCommandExecutor.invokeExecute(DriverCommandExecutor.java:196)
at org.openqa.selenium.remote.service.DriverCommandExecutor.execute(DriverCommandExecutor.java:171)
at org.openqa.selenium.remote.RemoteWebDriver.execute(RemoteWebDriver.java:531)
at org.openqa.selenium.remote.ElementLocation$ElementFinder$2.findElement(ElementLocation.java:165)
at org.openqa.selenium.remote.ElementLocation.findElement(ElementLocation.java:59)
at org.openqa.selenium.remote.RemoteWebDriver.findElement(RemoteWebDriver.java:350)
at org.openqa.selenium.remote.RemoteWebDriver.findElement(RemoteWebDriver.java:344)
at org.openqa.selenium.support.pagefactory.DefaultElementLocator.findElement(DefaultElementLocator.java:68)
at org.openqa.selenium.support.pagefactory.internal.LocatingElementHandler.invoke(LocatingElementHandler.java:38)
at jdk.proxy2/jdk.proxy2.$Proxy20.getText(Unknown Source)
at pages.ByjusAnswerPage.getTextOfQuestion(ByjusAnswerPage.java:65)
at TestPacakage.VerifyByjusAnswerModuleTestNG.verifyFindSolutionsSearchBoxFunctionality(VerifyByjusAnswerModuleTestNG.java:76)
at java.base/jdk.internal.reflect.DirectMethodHandleAccessor.invoke(DirectMethodHandleAccessor.java:104)
at java.base/java.lang.reflect.Method.invoke(Method.java:578)
at org.testng.internal.invokers.MethodInvocationHelper.invokeMethod(MethodInvocationHelper.java:139)
at org.testng.internal.invokers.TestInvoker.invokeMethod(TestInvoker.java:664)
at org.testng.internal.invokers.TestInvoker.invokeTestMethod(TestInvoker.java:227)
at org.testng.internal.invokers.MethodRunner.runInSequence(MethodRunner.java:50)
at org.testng.internal.invokers.TestInvoker$MethodInvocationAgent.invoke(TestInvoker.java:957)
at org.testng.internal.invokers.TestInvoker.invokeTestMethods(TestInvoker.java:200)
at org.testng.internal.invokers.TestMethodWorker.invokeTestMethods(TestMethodWorker.java:148)
at org.testng.internal.invokers.TestMethodWorker.run(TestMethodWorker.java:128)
at java.base/java.util.concurrent.ThreadPoolExecutor.runWorker(ThreadPoolExecutor.java:1144)
at java.base/java.util.concurrent.ThreadPoolExecutor$Worker.run(ThreadPoolExecutor.java:642)
at java.base/java.lang.Thread.run(Thread.java:1623)
]]>
            </full-stacktrace>
          </exception> <!-- org.openqa.selenium.NoSuchElementException -->
          <reporter-output>
          </reporter-output>
        </test-method> <!-- verifyFindSolutionsSearchBoxFunctionality -->
        <test-method is-config="true" signature="verifyCoarseInformation()[pri:0, instance:TestPacakage.VerifyByjusAnswerModuleTestNG@587e5365]" started-at="2023-09-29T16:31:41 IST" name="verifyCoarseInformation" finished-at="2023-09-29T16:31:46 IST" duration-ms="5113" status="PASS">
          <reporter-output>
          </reporter-output>
        </test-method> <!-- verifyCoarseInformation -->
        <test-method signature="verifyQuestionPapersFunctionality()[pri:2, instance:TestPacakage.VerifyByjusAnswerModuleTestNG@587e5365]" started-at="2023-09-29T16:31:46 IST" name="verifyQuestionPapersFunctionality" finished-at="2023-09-29T16:31:54 IST" duration-ms="8239" status="PASS">
          <reporter-output>
          </reporter-output>
        </test-method> <!-- verifyQuestionPapersFunctionality -->
        <test-method is-config="true" signature="clearObject()[pri:0, instance:TestPacakage.VerifyByjusAnswerModuleTestNG@587e5365]" started-at="2023-09-29T16:31:54 IST" name="clearObject" finished-at="2023-09-29T16:31:54 IST" duration-ms="1" status="PASS">
          <reporter-output>
          </reporter-output>
        </test-method> <!-- clearObject -->
        <test-method is-config="true" signature="closeBrowser()[pri:0, instance:TestPacakage.VerifyByjusAnswerModuleTestNG@587e5365]" started-at="2023-09-29T16:32:24 IST" name="closeBrowser" finished-at="2023-09-29T16:32:24 IST" duration-ms="665" status="PASS">
          <reporter-output>
          </reporter-output>
        </test-method> <!-- closeBrowser -->
      </class> <!-- TestPacakage.VerifyByjusAnswerModuleTestNG -->
      <class name="TestPacakage.TestNg">
        <test-method is-config="true" signature="launchBrowser(java.lang.String)[pri:0, instance:TestPacakage.TestNg@43c1b556]" started-at="2023-09-29T16:31:13 IST" name="launchBrowser" finished-at="2023-09-29T16:31:17 IST" duration-ms="4156" status="PASS">
          <params>
            <param index="0">
              <value>
                <![CDATA[Edge]]>
              </value>
            </param>
          </params>
          <reporter-output>
          </reporter-output>
        </test-method> <!-- launchBrowser -->
        <test-method is-config="true" signature="createPOMObject()[pri:0, instance:TestPacakage.TestNg@43c1b556]" started-at="2023-09-29T16:31:27 IST" name="createPOMObject" finished-at="2023-09-29T16:31:27 IST" duration-ms="2" status="PASS">
          <reporter-output>
          </reporter-output>
        </test-method> <!-- createPOMObject -->
        <test-method is-config="true" signature="verifyCoarseInformation()[pri:0, instance:TestPacakage.TestNg@43c1b556]" started-at="2023-09-29T16:31:27 IST" name="verifyCoarseInformation" finished-at="2023-09-29T16:31:47 IST" duration-ms="20666" status="PASS">
          <reporter-output>
          </reporter-output>
        </test-method> <!-- verifyCoarseInformation -->
        <test-method signature="verifyParentFeedbackVideoFunctionality()[pri:1, instance:TestPacakage.TestNg@43c1b556]" started-at="2023-09-29T16:31:47 IST" name="verifyParentFeedbackVideoFunctionality" finished-at="2023-09-29T16:31:54 IST" duration-ms="7283" status="PASS">
          <reporter-output>
          </reporter-output>
        </test-method> <!-- verifyParentFeedbackVideoFunctionality -->
        <test-method is-config="true" signature="verifyCoarseInformation()[pri:0, instance:TestPacakage.TestNg@43c1b556]" started-at="2023-09-29T16:31:55 IST" name="verifyCoarseInformation" finished-at="2023-09-29T16:32:08 IST" duration-ms="13065" status="PASS">
          <reporter-output>
          </reporter-output>
        </test-method> <!-- verifyCoarseInformation -->
        <test-method signature="verifyTutionCenterLocationFunctionality()[pri:2, instance:TestPacakage.TestNg@43c1b556]" started-at="2023-09-29T16:32:08 IST" name="verifyTutionCenterLocationFunctionality" finished-at="2023-09-29T16:32:23 IST" duration-ms="15099" status="FAIL">
          <exception class="org.openqa.selenium.NoSuchElementException">
            <message>
              <![CDATA[Cannot locate option with text: Maharashtra
For documentation on this error, please visit: https://www.selenium.dev/documentation/webdriver/troubleshooting/errors#no-such-element-exception
Build info: version: '4.10.0', revision: 'c14d967899'
System info: os.name: 'Windows 10', os.arch: 'amd64', os.version: '10.0', java.version: '20.0.1'
Driver info: driver.version: unknown]]>
            </message>
            <full-stacktrace>
              <![CDATA[org.openqa.selenium.NoSuchElementException: Cannot locate option with text: Maharashtra
For documentation on this error, please visit: https://www.selenium.dev/documentation/webdriver/troubleshooting/errors#no-such-element-exception
Build info: version: '4.10.0', revision: 'c14d967899'
System info: os.name: 'Windows 10', os.arch: 'amd64', os.version: '10.0', java.version: '20.0.1'
Driver info: driver.version: unknown
at org.openqa.selenium.support.ui.Select.selectByVisibleText(Select.java:153)
at pages.AboutUs.selectStateOption(AboutUs.java:34)
at TestPacakage.TestNg.verifyTutionCenterLocationFunctionality(TestNg.java:109)
at java.base/jdk.internal.reflect.DirectMethodHandleAccessor.invoke(DirectMethodHandleAccessor.java:104)
at java.base/java.lang.reflect.Method.invoke(Method.java:578)
at org.testng.internal.invokers.MethodInvocationHelper.invokeMethod(MethodInvocationHelper.java:139)
at org.testng.internal.invokers.TestInvoker.invokeMethod(TestInvoker.java:664)
at org.testng.internal.invokers.TestInvoker.invokeTestMethod(TestInvoker.java:227)
at org.testng.internal.invokers.MethodRunner.runInSequence(MethodRunner.java:50)
at org.testng.internal.invokers.TestInvoker$MethodInvocationAgent.invoke(TestInvoker.java:957)
at org.testng.internal.invokers.TestInvoker.invokeTestMethods(TestInvoker.java:200)
at org.testng.internal.invokers.TestMethodWorker.invokeTestMethods(TestMethodWorker.java:148)
at org.testng.internal.invokers.TestMethodWorker.run(TestMethodWorker.java:128)
at java.base/java.util.concurrent.ThreadPoolExecutor.runWorker(ThreadPoolExecutor.java:1144)
at java.base/java.util.concurrent.ThreadPoolExecutor$Worker.run(ThreadPoolExecutor.java:642)
at java.base/java.lang.Thread.run(Thread.java:1623)
]]>
            </full-stacktrace>
          </exception> <!-- org.openqa.selenium.NoSuchElementException -->
          <reporter-output>
          </reporter-output>
        </test-method> <!-- verifyTutionCenterLocationFunctionality -->
        <test-method is-config="true" signature="clearObject()[pri:0, instance:TestPacakage.TestNg@43c1b556]" started-at="2023-09-29T16:32:23 IST" name="clearObject" finished-at="2023-09-29T16:32:23 IST" duration-ms="2" status="PASS">
          <reporter-output>
          </reporter-output>
        </test-method> <!-- clearObject -->
        <test-method is-config="true" signature="closeBrowser()[pri:0, instance:TestPacakage.TestNg@43c1b556]" started-at="2023-09-29T16:32:23 IST" name="closeBrowser" finished-at="2023-09-29T16:32:24 IST" duration-ms="760" status="PASS">
          <reporter-output>
          </reporter-output>
        </test-method> <!-- closeBrowser -->
      </class> <!-- TestPacakage.TestNg -->
    </test> <!-- edgeTest -->
    <test started-at="2023-09-29T16:31:13 IST" name="chromeTest" finished-at="2023-09-29T16:32:26 IST" duration-ms="72580">
      <class name="TestPacakage.VerifyByjusAnswerModuleTestNG">
        <test-method is-config="true" signature="launchBrowser(java.lang.String)[pri:0, instance:TestPacakage.VerifyByjusAnswerModuleTestNG@79079097]" started-at="2023-09-29T16:31:19 IST" name="launchBrowser" finished-at="2023-09-29T16:31:20 IST" duration-ms="1711" status="PASS">
          <params>
            <param index="0">
              <value>
                <![CDATA[Chrome]]>
              </value>
            </param>
          </params>
          <reporter-output>
          </reporter-output>
        </test-method> <!-- launchBrowser -->
        <test-method is-config="true" signature="createPOMObject()[pri:0, instance:TestPacakage.VerifyByjusAnswerModuleTestNG@79079097]" started-at="2023-09-29T16:31:20 IST" name="createPOMObject" finished-at="2023-09-29T16:31:21 IST" duration-ms="59" status="PASS">
          <reporter-output>
          </reporter-output>
        </test-method> <!-- createPOMObject -->
        <test-method is-config="true" signature="verifyCoarseInformation()[pri:0, instance:TestPacakage.VerifyByjusAnswerModuleTestNG@79079097]" started-at="2023-09-29T16:31:21 IST" name="verifyCoarseInformation" finished-at="2023-09-29T16:31:41 IST" duration-ms="20930" status="PASS">
          <reporter-output>
          </reporter-output>
        </test-method> <!-- verifyCoarseInformation -->
        <test-method signature="verifyFindSolutionsSearchBoxFunctionality()[pri:1, instance:TestPacakage.VerifyByjusAnswerModuleTestNG@79079097]" started-at="2023-09-29T16:31:41 IST" name="verifyFindSolutionsSearchBoxFunctionality" finished-at="2023-09-29T16:31:43 IST" duration-ms="1296" status="FAIL">
          <exception class="org.openqa.selenium.NoSuchElementException">
            <message>
              <![CDATA[no such element: Unable to locate element: {"method":"xpath","selector":"(//span[@style='display: block;'])[1]"}
  (Session info: chrome=117.0.5938.92)
For documentation on this error, please visit: https://www.selenium.dev/documentation/webdriver/troubleshooting/errors#no-such-element-exception
Build info: version: '4.10.0', revision: 'c14d967899'
System info: os.name: 'Windows 10', os.arch: 'amd64', os.version: '10.0', java.version: '20.0.1'
Driver info: org.openqa.selenium.chrome.ChromeDriver
Command: [535c3d59706fcf1a490c3d8309610c34, findElement {using=xpath, value=(//span[@style='display: block;'])[1]}]
Capabilities {acceptInsecureCerts: false, browserName: chrome, browserVersion: 117.0.5938.92, chrome: {chromedriverVersion: 117.0.5938.92 (67649b10b92b..., userDataDir: C:\Users\DELL\AppData\Local...}, fedcm:accounts: true, goog:chromeOptions: {debuggerAddress: localhost:53316}, networkConnectionEnabled: false, pageLoadStrategy: normal, platformName: windows, proxy: Proxy(), se:cdp: ws://localhost:53316/devtoo..., se:cdpVersion: 117.0.5938.92, setWindowRect: true, strictFileInteractability: false, timeouts: {implicit: 0, pageLoad: 300000, script: 30000}, unhandledPromptBehavior: dismiss and notify, webauthn:extension:credBlob: true, webauthn:extension:largeBlob: true, webauthn:extension:minPinLength: true, webauthn:extension:prf: true, webauthn:virtualAuthenticators: true}
Session ID: 535c3d59706fcf1a490c3d8309610c34]]>
            </message>
            <full-stacktrace>
              <![CDATA[org.openqa.selenium.NoSuchElementException: no such element: Unable to locate element: {"method":"xpath","selector":"(//span[@style='display: block;'])[1]"}
  (Session info: chrome=117.0.5938.92)
For documentation on this error, please visit: https://www.selenium.dev/documentation/webdriver/troubleshooting/errors#no-such-element-exception
Build info: version: '4.10.0', revision: 'c14d967899'
System info: os.name: 'Windows 10', os.arch: 'amd64', os.version: '10.0', java.version: '20.0.1'
Driver info: org.openqa.selenium.chrome.ChromeDriver
Command: [535c3d59706fcf1a490c3d8309610c34, findElement {using=xpath, value=(//span[@style='display: block;'])[1]}]
Capabilities {acceptInsecureCerts: false, browserName: chrome, browserVersion: 117.0.5938.92, chrome: {chromedriverVersion: 117.0.5938.92 (67649b10b92b..., userDataDir: C:\Users\DELL\AppData\Local...}, fedcm:accounts: true, goog:chromeOptions: {debuggerAddress: localhost:53316}, networkConnectionEnabled: false, pageLoadStrategy: normal, platformName: windows, proxy: Proxy(), se:cdp: ws://localhost:53316/devtoo..., se:cdpVersion: 117.0.5938.92, setWindowRect: true, strictFileInteractability: false, timeouts: {implicit: 0, pageLoad: 300000, script: 30000}, unhandledPromptBehavior: dismiss and notify, webauthn:extension:credBlob: true, webauthn:extension:largeBlob: true, webauthn:extension:minPinLength: true, webauthn:extension:prf: true, webauthn:virtualAuthenticators: true}
Session ID: 535c3d59706fcf1a490c3d8309610c34
at java.base/jdk.internal.reflect.DirectConstructorHandleAccessor.newInstance(DirectConstructorHandleAccessor.java:67)
at java.base/java.lang.reflect.Constructor.newInstanceWithCaller(Constructor.java:500)
at java.base/java.lang.reflect.Constructor.newInstance(Constructor.java:484)
at org.openqa.selenium.remote.codec.w3c.W3CHttpResponseCodec.createException(W3CHttpResponseCodec.java:199)
at org.openqa.selenium.remote.codec.w3c.W3CHttpResponseCodec.decode(W3CHttpResponseCodec.java:132)
at org.openqa.selenium.remote.codec.w3c.W3CHttpResponseCodec.decode(W3CHttpResponseCodec.java:51)
at org.openqa.selenium.remote.HttpCommandExecutor.execute(HttpCommandExecutor.java:191)
at org.openqa.selenium.remote.service.DriverCommandExecutor.invokeExecute(DriverCommandExecutor.java:196)
at org.openqa.selenium.remote.service.DriverCommandExecutor.execute(DriverCommandExecutor.java:171)
at org.openqa.selenium.remote.RemoteWebDriver.execute(RemoteWebDriver.java:531)
at org.openqa.selenium.remote.ElementLocation$ElementFinder$2.findElement(ElementLocation.java:165)
at org.openqa.selenium.remote.ElementLocation.findElement(ElementLocation.java:59)
at org.openqa.selenium.remote.RemoteWebDriver.findElement(RemoteWebDriver.java:350)
at org.openqa.selenium.remote.RemoteWebDriver.findElement(RemoteWebDriver.java:344)
at org.openqa.selenium.support.pagefactory.DefaultElementLocator.findElement(DefaultElementLocator.java:68)
at org.openqa.selenium.support.pagefactory.internal.LocatingElementHandler.invoke(LocatingElementHandler.java:38)
at jdk.proxy2/jdk.proxy2.$Proxy20.getText(Unknown Source)
at pages.ByjusAnswerPage.getTextOfQuestion(ByjusAnswerPage.java:65)
at TestPacakage.VerifyByjusAnswerModuleTestNG.verifyFindSolutionsSearchBoxFunctionality(VerifyByjusAnswerModuleTestNG.java:76)
at java.base/jdk.internal.reflect.DirectMethodHandleAccessor.invoke(DirectMethodHandleAccessor.java:104)
at java.base/java.lang.reflect.Method.invoke(Method.java:578)
at org.testng.internal.invokers.MethodInvocationHelper.invokeMethod(MethodInvocationHelper.java:139)
at org.testng.internal.invokers.TestInvoker.invokeMethod(TestInvoker.java:664)
at org.testng.internal.invokers.TestInvoker.invokeTestMethod(TestInvoker.java:227)
at org.testng.internal.invokers.MethodRunner.runInSequence(MethodRunner.java:50)
at org.testng.internal.invokers.TestInvoker$MethodInvocationAgent.invoke(TestInvoker.java:957)
at org.testng.internal.invokers.TestInvoker.invokeTestMethods(TestInvoker.java:200)
at org.testng.internal.invokers.TestMethodWorker.invokeTestMethods(TestMethodWorker.java:148)
at org.testng.internal.invokers.TestMethodWorker.run(TestMethodWorker.java:128)
at java.base/java.util.concurrent.ThreadPoolExecutor.runWorker(ThreadPoolExecutor.java:1144)
at java.base/java.util.concurrent.ThreadPoolExecutor$Worker.run(ThreadPoolExecutor.java:642)
at java.base/java.lang.Thread.run(Thread.java:1623)
]]>
            </full-stacktrace>
          </exception> <!-- org.openqa.selenium.NoSuchElementException -->
          <reporter-output>
          </reporter-output>
        </test-method> <!-- verifyFindSolutionsSearchBoxFunctionality -->
        <test-method is-config="true" signature="verifyCoarseInformation()[pri:0, instance:TestPacakage.VerifyByjusAnswerModuleTestNG@79079097]" started-at="2023-09-29T16:31:43 IST" name="verifyCoarseInformation" finished-at="2023-09-29T16:31:47 IST" duration-ms="4413" status="PASS">
          <reporter-output>
          </reporter-output>
        </test-method> <!-- verifyCoarseInformation -->
        <test-method signature="verifyQuestionPapersFunctionality()[pri:2, instance:TestPacakage.VerifyByjusAnswerModuleTestNG@79079097]" started-at="2023-09-29T16:31:47 IST" name="verifyQuestionPapersFunctionality" finished-at="2023-09-29T16:31:54 IST" duration-ms="6603" status="PASS">
          <reporter-output>
          </reporter-output>
        </test-method> <!-- verifyQuestionPapersFunctionality -->
        <test-method is-config="true" signature="clearObject()[pri:0, instance:TestPacakage.VerifyByjusAnswerModuleTestNG@79079097]" started-at="2023-09-29T16:31:54 IST" name="clearObject" finished-at="2023-09-29T16:31:54 IST" duration-ms="1" status="PASS">
          <reporter-output>
          </reporter-output>
        </test-method> <!-- clearObject -->
        <test-method is-config="true" signature="closeBrowser()[pri:0, instance:TestPacakage.VerifyByjusAnswerModuleTestNG@79079097]" started-at="2023-09-29T16:32:25 IST" name="closeBrowser" finished-at="2023-09-29T16:32:26 IST" duration-ms="359" status="PASS">
          <reporter-output>
          </reporter-output>
        </test-method> <!-- closeBrowser -->
      </class> <!-- TestPacakage.VerifyByjusAnswerModuleTestNG -->
      <class name="TestPacakage.TestNg">
        <test-method is-config="true" signature="launchBrowser(java.lang.String)[pri:0, instance:TestPacakage.TestNg@6ed3ccb2]" started-at="2023-09-29T16:31:13 IST" name="launchBrowser" finished-at="2023-09-29T16:31:19 IST" duration-ms="5468" status="PASS">
          <params>
            <param index="0">
              <value>
                <![CDATA[Chrome]]>
              </value>
            </param>
          </params>
          <reporter-output>
          </reporter-output>
        </test-method> <!-- launchBrowser -->
        <test-method is-config="true" signature="createPOMObject()[pri:0, instance:TestPacakage.TestNg@6ed3ccb2]" started-at="2023-09-29T16:31:20 IST" name="createPOMObject" finished-at="2023-09-29T16:31:21 IST" duration-ms="83" status="PASS">
          <reporter-output>
          </reporter-output>
        </test-method> <!-- createPOMObject -->
        <test-method is-config="true" signature="verifyCoarseInformation()[pri:0, instance:TestPacakage.TestNg@6ed3ccb2]" started-at="2023-09-29T16:31:21 IST" name="verifyCoarseInformation" finished-at="2023-09-29T16:31:48 IST" duration-ms="27099" status="PASS">
          <reporter-output>
          </reporter-output>
        </test-method> <!-- verifyCoarseInformation -->
        <test-method signature="verifyParentFeedbackVideoFunctionality()[pri:1, instance:TestPacakage.TestNg@6ed3ccb2]" started-at="2023-09-29T16:31:48 IST" name="verifyParentFeedbackVideoFunctionality" finished-at="2023-09-29T16:31:58 IST" duration-ms="10725" status="PASS">
          <reporter-output>
          </reporter-output>
        </test-method> <!-- verifyParentFeedbackVideoFunctionality -->
        <test-method is-config="true" signature="verifyCoarseInformation()[pri:0, instance:TestPacakage.TestNg@6ed3ccb2]" started-at="2023-09-29T16:31:58 IST" name="verifyCoarseInformation" finished-at="2023-09-29T16:32:06 IST" duration-ms="7721" status="PASS">
          <reporter-output>
          </reporter-output>
        </test-method> <!-- verifyCoarseInformation -->
        <test-method signature="verifyTutionCenterLocationFunctionality()[pri:2, instance:TestPacakage.TestNg@6ed3ccb2]" started-at="2023-09-29T16:32:06 IST" name="verifyTutionCenterLocationFunctionality" finished-at="2023-09-29T16:32:25 IST" duration-ms="18830" status="PASS">
          <reporter-output>
          </reporter-output>
        </test-method> <!-- verifyTutionCenterLocationFunctionality -->
        <test-method is-config="true" signature="clearObject()[pri:0, instance:TestPacakage.TestNg@6ed3ccb2]" started-at="2023-09-29T16:32:25 IST" name="clearObject" finished-at="2023-09-29T16:32:25 IST" duration-ms="0" status="PASS">
          <reporter-output>
          </reporter-output>
        </test-method> <!-- clearObject -->
        <test-method is-config="true" signature="closeBrowser()[pri:0, instance:TestPacakage.TestNg@6ed3ccb2]" started-at="2023-09-29T16:32:25 IST" name="closeBrowser" finished-at="2023-09-29T16:32:25 IST" duration-ms="477" status="PASS">
          <reporter-output>
          </reporter-output>
        </test-method> <!-- closeBrowser -->
      </class> <!-- TestPacakage.TestNg -->
    </test> <!-- chromeTest -->
  </suite> <!-- Suite -->
</testng-results>
