<?xml version="1.0" encoding="UTF-8"?>
<!-- Generated by org.testng.reporters.JUnitXMLReporter -->
<testsuite ignored="0" hostname="DESKTOP-FNI86KM" failures="2" tests="4" name="edgeTest" time="70.969" errors="0" timestamp="2023-09-29T16:32:24 IST">
  <testcase classname="TestPacakage.VerifyByjusAnswerModuleTestNG" name="verifyFindSolutionsSearchBoxFunctionality" time="0.919">
    <failure type="org.openqa.selenium.NoSuchElementException" message="no such element: Unable to locate element: {&amp;quot;method&amp;quot;:&amp;quot;xpath&amp;quot;,&amp;quot;selector&amp;quot;:&amp;quot;(//span[@style=&amp;apos;display: block;&amp;apos;])[1]&amp;quot;}
  (Session info: MicrosoftEdge=117.0.2045.43)
For documentation on this error, please visit: https://www.selenium.dev/documentation/webdriver/troubleshooting/errors#no-such-element-exception
Build info: version: &amp;apos;4.10.0&amp;apos;, revision: &amp;apos;c14d967899&amp;apos;
System info: os.name: &amp;apos;Windows 10&amp;apos;, os.arch: &amp;apos;amd64&amp;apos;, os.version: &amp;apos;10.0&amp;apos;, java.version: &amp;apos;20.0.1&amp;apos;
Driver info: org.openqa.selenium.edge.EdgeDriver
Command: [d53a54a13842c0c988a16bdd79e006f1, findElement {using=xpath, value=(//span[@style=&amp;apos;display: block;&amp;apos;])[1]}]
Capabilities {acceptInsecureCerts: false, browserName: msedge, browserVersion: 117.0.2045.43, fedcm:accounts: true, ms:edgeOptions: {debuggerAddress: localhost:53334}, msedge: {msedgedriverVersion: 116.0.1938.81 (bc0eb28b55bd..., userDataDir: C:\Users\DELL\AppData\Local...}, networkConnectionEnabled: false, pageLoadStrategy: normal, platformName: windows, proxy: Proxy(), se:cdp: ws://localhost:53334/devtoo..., se:cdpVersion: 117.0.2045.43, setWindowRect: true, strictFileInteractability: false, timeouts: {implicit: 0, pageLoad: 300000, script: 30000}, unhandledPromptBehavior: dismiss and notify, webauthn:extension:credBlob: true, webauthn:extension:largeBlob: true, webauthn:extension:minPinLength: true, webauthn:extension:prf: true, webauthn:virtualAuthenticators: true}
Session ID: d53a54a13842c0c988a16bdd79e006f1">
      <![CDATA[org.openqa.selenium.NoSuchElementException: no such element: Unable to locate element: {"method":"xpath","selector":"(//span[@style='display: block;'])[1]"}
  (Session info: MicrosoftEdge=117.0.2045.43)
For documentation on this error, please visit: https://www.selenium.dev/documentation/webdriver/troubleshooting/errors#no-such-element-exception
Build info: version: '4.10.0', revision: 'c14d967899'
System info: os.name: 'Windows 10', os.arch: 'amd64', os.version: '10.0', java.version: '20.0.1'
Driver info: org.openqa.selenium.edge.EdgeDriver
Command: [d53a54a13842c0c988a16bdd79e006f1, findElement {using=xpath, value=(//span[@style='display: block;'])[1]}]
Capabilities {acceptInsecureCerts: false, browserName: msedge, browserVersion: 117.0.2045.43, fedcm:accounts: true, ms:edgeOptions: {debuggerAddress: localhost:53334}, msedge: {msedgedriverVersion: 116.0.1938.81 (bc0eb28b55bd..., userDataDir: C:\Users\DELL\AppData\Local...}, networkConnectionEnabled: false, pageLoadStrategy: normal, platformName: windows, proxy: Proxy(), se:cdp: ws://localhost:53334/devtoo..., se:cdpVersion: 117.0.2045.43, setWindowRect: true, strictFileInteractability: false, timeouts: {implicit: 0, pageLoad: 300000, script: 30000}, unhandledPromptBehavior: dismiss and notify, webauthn:extension:credBlob: true, webauthn:extension:largeBlob: true, webauthn:extension:minPinLength: true, webauthn:extension:prf: true, webauthn:virtualAuthenticators: true}
Session ID: d53a54a13842c0c988a16bdd79e006f1
at org.openqa.selenium.remote.codec.w3c.W3CHttpResponseCodec.createException(W3CHttpResponseCodec.java:199)
at org.openqa.selenium.remote.codec.w3c.W3CHttpResponseCodec.decode(W3CHttpResponseCodec.java:132)
at org.openqa.selenium.remote.codec.w3c.W3CHttpResponseCodec.decode(W3CHttpResponseCodec.java:51)
at org.openqa.selenium.remote.HttpCommandExecutor.execute(HttpCommandExecutor.java:191)
at org.openqa.selenium.remote.service.DriverCommandExecutor.invokeExecute(DriverCommandExecutor.java:196)
at org.openqa.selenium.remote.service.DriverCommandExecutor.execute(DriverCommandExecutor.java:171)
at org.openqa.selenium.remote.RemoteWebDriver.execute(RemoteWebDriver.java:531)
at org.openqa.selenium.remote.ElementLocation$ElementFinder$2.findElement(ElementLocation.java:165)
at org.openqa.selenium.remote.ElementLocation.findElement(ElementLocation.java:59)
at org.openqa.selenium.remote.RemoteWebDriver.findElement(RemoteWebDriver.java:350)
at org.openqa.selenium.remote.RemoteWebDriver.findElement(RemoteWebDriver.java:344)
at org.openqa.selenium.support.pagefactory.DefaultElementLocator.findElement(DefaultElementLocator.java:68)
at org.openqa.selenium.support.pagefactory.internal.LocatingElementHandler.invoke(LocatingElementHandler.java:38)
at jdk.proxy2/jdk.proxy2.$Proxy20.getText(Unknown Source)
at pages.ByjusAnswerPage.getTextOfQuestion(ByjusAnswerPage.java:65)
at TestPacakage.VerifyByjusAnswerModuleTestNG.verifyFindSolutionsSearchBoxFunctionality(VerifyByjusAnswerModuleTestNG.java:76)
at java.base/java.util.concurrent.ThreadPoolExecutor.runWorker(ThreadPoolExecutor.java:1144)
at java.base/java.util.concurrent.ThreadPoolExecutor$Worker.run(ThreadPoolExecutor.java:642)
at java.base/java.lang.Thread.run(Thread.java:1623)
... Removed 13 stack frames]]>
    </failure>
  </testcase> <!-- verifyFindSolutionsSearchBoxFunctionality -->
  <testcase classname="TestPacakage.VerifyByjusAnswerModuleTestNG" name="verifyQuestionPapersFunctionality" time="8.239"/>
  <testcase classname="TestPacakage.TestNg" name="verifyParentFeedbackVideoFunctionality" time="7.283"/>
  <testcase classname="TestPacakage.TestNg" name="verifyTutionCenterLocationFunctionality" time="15.099">
    <failure type="org.openqa.selenium.NoSuchElementException" message="Cannot locate option with text: Maharashtra
For documentation on this error, please visit: https://www.selenium.dev/documentation/webdriver/troubleshooting/errors#no-such-element-exception
Build info: version: &amp;apos;4.10.0&amp;apos;, revision: &amp;apos;c14d967899&amp;apos;
System info: os.name: &amp;apos;Windows 10&amp;apos;, os.arch: &amp;apos;amd64&amp;apos;, os.version: &amp;apos;10.0&amp;apos;, java.version: &amp;apos;20.0.1&amp;apos;
Driver info: driver.version: unknown">
      <![CDATA[org.openqa.selenium.NoSuchElementException: Cannot locate option with text: Maharashtra
For documentation on this error, please visit: https://www.selenium.dev/documentation/webdriver/troubleshooting/errors#no-such-element-exception
Build info: version: '4.10.0', revision: 'c14d967899'
System info: os.name: 'Windows 10', os.arch: 'amd64', os.version: '10.0', java.version: '20.0.1'
Driver info: driver.version: unknown
at org.openqa.selenium.support.ui.Select.selectByVisibleText(Select.java:153)
at pages.AboutUs.selectStateOption(AboutUs.java:34)
at TestPacakage.TestNg.verifyTutionCenterLocationFunctionality(TestNg.java:109)
at java.base/java.util.concurrent.ThreadPoolExecutor.runWorker(ThreadPoolExecutor.java:1144)
at java.base/java.util.concurrent.ThreadPoolExecutor$Worker.run(ThreadPoolExecutor.java:642)
at java.base/java.lang.Thread.run(Thread.java:1623)
... Removed 10 stack frames]]>
    </failure>
  </testcase> <!-- verifyTutionCenterLocationFunctionality -->
</testsuite> <!-- edgeTest -->
